<?xml version="1.0" encoding="utf-8"?><testsuites name="pytest tests"><testsuite name="pytest" errors="0" failures="0" skipped="0" tests="41" time="8.087" timestamp="2026-09-05T06:21:06.826824+00:00" hostname="agent-env-f224cf35-2dd8-4616-a3c3-234f1c674b91"><testcase classname="tests.backend_test.TestProducts" name="test_list_products_default" time="0.254" /><testcase classname="tests.backend_test.TestOrdersAndPayments" name="test_order_requires_terms" time="0.443" /><testcase classname="tests.backend_test.TestProducts" name="test_list_products_sort_price_asc" time="0.169" /><testcase classname="tests.backend_test.TestProducts" name="test_list_products_sort_price_desc" time="0.144" /><testcase classname="tests.backend_test.TestOrdersAndPayments" name="test_order_out_of_stock" time="0.202" /><testcase classname="tests.backend_test.TestProducts" name="test_list_products_category_filter" time="0.147" /><testcase classname="tests.backend_test.TestOrdersAndPayments" name="test_order_create_and_stock_decrement" time="0.809" /><testcase classname="tests.backend_test.TestProducts" name="test_list_products_featured" time="0.143" /><testcase classname="tests.backend_test.TestProducts" name="test_list_products_search" time="0.189" /><testcase classname="tests.backend_test.TestProducts" name="test_random_products" time="0.182" /><testcase classname="tests.backend_test.TestProducts" name="test_product_detail_and_related" time="0.351" /><testcase classname="tests.backend_test.TestOrdersAndPayments" name="test_payments_start" time="0.923" /><testcase classname="tests.backend_test.TestProducts" name="test_product_detail_404" time="0.167" /><testcase classname="tests.backend_test.TestAdminProducts" name="test_stats" time="0.173" /><testcase classname="tests.backend_test.TestAdminProducts" name="test_create_draft_not_public" time="0.463" /><testcase classname="tests.backend_test.TestOrdersAndPayments" name="test_ipn_invalid_signature" time="0.172" /><testcase classname="tests.backend_test.TestAdminProducts" name="test_duplicate_slug" time="0.161" /><testcase classname="tests.backend_test.TestOrdersAndPayments" name="test_ipn_valid_marks_paid" time="0.677" /><testcase classname="tests.backend_test.TestAdminProducts" name="test_bulk_publish" time="0.288" /><testcase classname="tests.backend_test.TestAdminProducts" name="test_bulk_hide" time="0.177" /><testcase classname="tests.backend_test.TestAdminProducts" name="test_archive" time="0.142" /><testcase classname="tests.backend_test.TestAdminMedia" name="test_upload_png" time="0.209" /><testcase classname="tests.backend_test.TestAdminCategories" name="test_create" time="0.161" /><testcase classname="tests.backend_test.TestAdminMedia" name="test_upload_unsupported" time="0.189" /><testcase classname="tests.backend_test.TestAdminCategories" name="test_duplicate_name" time="0.241" /><testcase classname="tests.backend_test.TestAdminMedia" name="test_patch_alt" time="0.186" /><testcase classname="tests.backend_test.TestAdminCategories" name="test_reorder" time="0.190" /><testcase classname="tests.backend_test.TestAdminMedia" name="test_delete" time="0.187" /><testcase classname="tests.backend_test.TestAdminCategories" name="test_delete_in_use" time="0.206" /><testcase classname="tests.backend_test.TestAdminOrders" name="test_list" time="0.197" /><testcase classname="tests.backend_test.TestAdminCategories" name="test_delete_empty" time="0.217" /><testcase classname="tests.backend_test.TestAdminOrders" name="test_ship_and_cancel_flow" time="1.798" /><testcase classname="tests.backend_test.TestAdminEmailsAndNewsletter" name="test_list_emails" time="0.224" /><testcase classname="tests.backend_test.TestAdminEmailsAndNewsletter" name="test_resend_email" time="0.410" /><testcase classname="tests.backend_test.TestAdminEmailsAndNewsletter" name="test_newsletter_list_and_delete" time="0.421" /><testcase classname="tests.backend_test.TestAdminAuth" name="test_verify_correct" time="0.169" /><testcase classname="tests.backend_test.TestAdminAuth" name="test_verify_wrong" time="0.201" /><testcase classname="tests.backend_test.TestCategories" name="test_list_categories" time="0.147" /><testcase classname="tests.backend_test.TestAdminOrders" name="test_invoice_patch" time="0.316" /><testcase classname="tests.backend_test.TestNewsletter" name="test_subscribe_ok" time="0.273" /><testcase classname="tests.backend_test.TestNewsletter" name="test_subscribe_no_consent" time="0.157" /></testsuite></testsuites>